  0:00 ------------------------------------------------------------
  0:00 InitGame: \g_antilag\1\g_gametype\tdm\gamename\Call of Duty 2\mapname\mp_brecourt\protocol\118\shortversion\1.3\sv_allowAnonymous\0\sv_floodProtect\1\sv_hostname\CoD2Host\sv_maxclients\20\sv_maxPing\0\sv_maxRate\0\sv_minPing\0\sv_privateClients\0\sv_punkbuster\0\sv_pure\1\sv_voice\1
  0:00 J;0;0;Jan Egil
  2:07 K;0;0;allies;Jan Egil;;-1;world;;none;2000;MOD_EXPLOSIVE;none
  2:34 ShutdownGame:
  2:34 ------------------------------------------------------------
  0:00 ------------------------------------------------------------
  0:00 InitGame: \g_antilag\1\g_gametype\tdm\gamename\Call of Duty 2\mapname\mp_farmhouse\protocol\118\shortversion\1.3\sv_allowAnonymous\0\sv_floodProtect\1\sv_hostname\Villalan\sv_maxclients\20\sv_maxPing\0\sv_maxRate\0\sv_minPing\0\sv_privateClients\0\sv_punkbuster\0\sv_pure\1\sv_voice\0
  0:00 J;0;0;Player
  0:24 J;0;2;Palmeklatten
  0:27 J;0;1;Jan Egil
  0:39 K;0;1;axis;Jan Egil;0;1;axis;Jan Egil;none;100000;MOD_SUICIDE;none
  0:47 say;0;0;Player;name Benji
  1:09 J;0;3;32!!!
  1:13 D;0;0;axis;Benji;0;1;allies;Jan Egil;thompson_mp;10;MOD_PISTOL_BULLET;torso_lower
  1:14 D;0;0;axis;Benji;0;1;allies;Jan Egil;thompson_mp;10;MOD_PISTOL_BULLET;torso_lower
  1:14 D;0;0;axis;Benji;0;1;allies;Jan Egil;thompson_mp;10;MOD_PISTOL_BULLET;torso_upper
  1:15 K;0;1;allies;Jan Egil;0;0;axis;Benji;kar98k_mp;135;MOD_RIFLE_BULLET;torso_upper
  2:03 D;0;1;allies;Jan Egil;0;0;axis;Benji;kar98k_mp;90;MOD_RIFLE_BULLET;right_leg_upper
  2:07 K;0;1;allies;Jan Egil;0;0;axis;Benji;kar98k_mp;135;MOD_RIFLE_BULLET;torso_lower
  2:30 D;0;0;axis;Benji;0;1;allies;Jan Egil;m1garand_mp;90;MOD_RIFLE_BULLET;torso_upper
  2:30 K;0;0;axis;Benji;0;1;allies;Jan Egil;m1garand_mp;90;MOD_RIFLE_BULLET;torso_upper
  2:34 Weapon;0;1;Jan Egil;kar98k_mp
  3:04 K;0;1;allies;Jan Egil;0;0;axis;Benji;kar98k_mp;135;MOD_RIFLE_BULLET;torso_lower
  3:07 K;0;2;allies;Palmeklatten;0;0;axis;Benji;kar98k_mp;135;MOD_RIFLE_BULLET;torso_upper
  3:32 D;0;0;axis;Benji;0;1;allies;Jan Egil;m1garand_mp;45;MOD_RIFLE_BULLET;right_arm_lower
  3:32 K;0;0;axis;Benji;0;1;allies;Jan Egil;m1garand_mp;90;MOD_RIFLE_BULLET;torso_lower
  3:56 Weapon;0;1;Jan Egil;frag_grenade_german_mp
  4:33 D;0;0;axis;Benji;0;2;allies;Palmeklatten;springfield_mp;90;MOD_RIFLE_BULLET;left_arm_lower
  4:35 K;0;0;axis;Benji;0;2;allies;Palmeklatten;springfield_mp;135;MOD_RIFLE_BULLET;torso_lower
  4:46 Weapon;0;1;Jan Egil;kar98k_mp
  5:00 K;0;1;allies;Jan Egil;0;0;axis;Benji;kar98k_mp;135;MOD_RIFLE_BULLET;torso_upper
  5:04 K;0;2;allies;Palmeklatten;0;0;axis;Benji;kar98k_mp;270;MOD_HEAD_SHOT;head
  5:20 K;0;0;axis;Benji;0;1;allies;Jan Egil;m1garand_mp;135;MOD_HEAD_SHOT;head
  5:27 Weapon;0;1;Jan Egil;frag_grenade_german_mp
  5:27 Weapon;0;1;Jan Egil;kar98k_mp
  5:59 K;0;1;allies;Jan Egil;0;0;axis;Benji;kar98k_mp;270;MOD_HEAD_SHOT;head
  6:13 K;0;2;allies;Palmeklatten;0;0;axis;Benji;kar98k_mp;135;MOD_RIFLE_BULLET;torso_lower
  6:34 Weapon;0;1;Jan Egil;thompson_mp
  6:45 Weapon;0;1;Jan Egil;frag_grenade_american_mp
  6:46 Weapon;0;1;Jan Egil;kar98k_mp
  7:28 ShutdownGame:
  7:28 ------------------------------------------------------------
  7:28 ------------------------------------------------------------
  7:28 InitGame: \g_antilag\1\g_gametype\tdm\gamename\Call of Duty 2\mapname\mp_toujane\protocol\118\scr_friendlyfire\0\scr_killcam\1\shortversion\1.3\sv_allowAnonymous\0\sv_floodProtect\1\sv_hostname\Villalan\sv_maxclients\20\sv_maxPing\0\sv_maxRate\0\sv_minPing\0\sv_privateClients\0\sv_punkbuster\0\sv_pure\1\sv_voice\0
  7:29 J;0;0;Benji
  7:33 J;0;3;32!!!
  7:37 J;0;2;Palmeklatten
  7:37 J;0;1;Jan Egil
  7:48 J;0;4;Jan Egil
  8:02 sayteam;0;3;32!!!;QUICKMESSAGE_MOVE_IN
  8:09 sayteam;0;3;32!!!;QUICKMESSAGE_NO_SIR
  8:40 D;0;0;axis;Benji;0;1;allies;Jan Egil;sten_mp;35;MOD_PISTOL_BULLET;left_arm_upper
  8:42 D;0;0;axis;Benji;0;1;allies;Jan Egil;sten_mp;35;MOD_PISTOL_BULLET;right_leg_lower
  8:42 K;0;0;axis;Benji;0;1;allies;Jan Egil;sten_mp;35;MOD_PISTOL_BULLET;right_leg_lower
  8:47 Weapon;0;1;Jan Egil;kar98k_mp
  8:53 D;0;3;axis;32!!!;0;1;allies;Jan Egil;sten_mp;32;MOD_PISTOL_BULLET;left_hand
  8:54 D;0;3;axis;32!!!;0;1;allies;Jan Egil;sten_mp;32;MOD_PISTOL_BULLET;left_leg_upper
  8:54 K;0;3;axis;32!!!;0;1;allies;Jan Egil;sten_mp;93;MOD_HEAD_SHOT;head
  8:57 D;0;0;axis;Benji;0;1;allies;Jan Egil;sten_mp;35;MOD_PISTOL_BULLET;left_arm_lower
  8:57 D;0;0;axis;Benji;0;1;allies;Jan Egil;sten_mp;35;MOD_PISTOL_BULLET;left_arm_lower
  8:57 K;0;0;axis;Benji;0;1;allies;Jan Egil;sten_mp;35;MOD_PISTOL_BULLET;torso_lower
  8:59 Weapon;0;1;Jan Egil;frag_grenade_german_mp
  9:02 K;0;1;allies;Jan Egil;0;0;axis;Benji;kar98k_mp;135;MOD_RIFLE_BULLET;torso_lower
  9:25 D;0;0;axis;Benji;0;1;allies;Jan Egil;bren_mp;40;MOD_RIFLE_BULLET;right_arm_upper
  9:25 D;0;0;axis;Benji;0;1;allies;Jan Egil;bren_mp;40;MOD_RIFLE_BULLET;torso_upper
  9:25 K;0;0;axis;Benji;0;1;allies;Jan Egil;bren_mp;40;MOD_RIFLE_BULLET;right_arm_upper
  9:33 K;0;1;allies;Jan Egil;0;3;axis;32!!!;kar98k_sniper_mp;135;MOD_RIFLE_BULLET;torso_lower
  9:42 Weapon;0;0;Benji;frag_grenade_german_mp
  9:49 D;0;3;axis;32!!!;0;1;allies;Jan Egil;sten_mp;35;MOD_PISTOL_BULLET;torso_lower
  9:49 D;0;3;axis;32!!!;0;1;allies;Jan Egil;sten_mp;35;MOD_PISTOL_BULLET;right_arm_lower
  9:50 K;0;3;axis;32!!!;0;4;allies;ketil;enfield_scope_mp;135;MOD_RIFLE_BULLET;torso_lower
 10:06 K;0;3;axis;32!!!;0;2;allies;Palmeklatten;enfield_scope_mp;135;MOD_RIFLE_BULLET;torso_lower
 10:14 D;0;2;allies;Palmeklatten;0;0;axis;Benji;kar98k_mp;90;MOD_RIFLE_BULLET;left_arm_lower
 10:15 Weapon;0;2;Palmeklatten;frag_grenade_british_mp
 10:22 K;0;2;allies;Palmeklatten;0;3;axis;32!!!;kar98k_sniper_mp;270;MOD_HEAD_SHOT;head
 10:27 Weapon;0;0;Benji;frag_grenade_british_mp
 10:37 K;0;1;allies;Jan Egil;0;3;axis;32!!!;kar98k_sniper_mp;135;MOD_RIFLE_BULLET;torso_lower
 10:57 D;0;0;axis;Benji;0;1;allies;Jan Egil;sten_mp;33;MOD_PISTOL_BULLET;left_leg_upper
 10:57 D;0;0;axis;Benji;0;1;allies;Jan Egil;sten_mp;33;MOD_PISTOL_BULLET;left_leg_upper
 10:59 K;0;1;allies;Jan Egil;0;0;axis;Benji;kar98k_mp;135;MOD_RIFLE_BULLET;torso_upper
 11:02 K;0;2;allies;Palmeklatten;0;0;axis;Benji;kar98k_mp;135;MOD_RIFLE_BULLET;torso_upper
 11:17 K;0;0;axis;Benji;0;4;allies;ketil;enfield_scope_mp;135;MOD_RIFLE_BULLET;torso_upper
 11:24 Weapon;0;1;Jan Egil;kar98k_sniper_mp
 11:30 D;0;1;allies;Jan Egil;0;0;axis;Benji;kar98k_mp;90;MOD_RIFLE_BULLET;right_leg_upper
 11:33 K;0;0;axis;Benji;0;2;allies;Palmeklatten;enfield_scope_mp;270;MOD_HEAD_SHOT;head
 11:47 K;0;4;allies;ketil;0;3;axis;32!!!;kar98k_sniper_mp;270;MOD_HEAD_SHOT;head
 11:52 K;0;0;axis;Benji;0;1;allies;Jan Egil;enfield_mp;135;MOD_RIFLE_BULLET;torso_upper
 11:55 K;0;3;axis;32!!!;0;1;allies;Jan Egil;enfield_mp;135;MOD_RIFLE_BULLET;torso_upper
 12:00 Weapon;0;1;Jan Egil;frag_grenade_german_mp
 12:12 K;0;3;axis;32!!!;0;1;allies;Jan Egil;enfield_mp;462;MOD_MELEE;head
 12:17 K;0;4;allies;ketil;0;0;axis;Benji;kar98k_mp;135;MOD_RIFLE_BULLET;torso_lower
 12:20 K;0;2;allies;Palmeklatten;0;0;axis;Benji;kar98k_mp;135;MOD_RIFLE_BULLET;torso_upper
 12:24 K;0;0;axis;Benji;0;1;allies;Jan Egil;enfield_mp;462;MOD_MELEE;head
 12:28 Q;0;3;32!!!
 12:53 K;0;4;allies;ketil;0;0;axis;Benji;kar98k_mp;135;MOD_RIFLE_BULLET;torso_lower
 12:55 K;0;0;axis;Benji;0;1;allies;Jan Egil;enfield_mp;270;MOD_HEAD_SHOT;head
 13:19 K;0;1;allies;Jan Egil;0;0;axis;Benji;kar98k_mp;135;MOD_RIFLE_BULLET;torso_lower
 13:23 Weapon;0;2;Palmeklatten;frag_grenade_british_mp
 13:46 D;0;0;axis;Benji;0;1;allies;Jan Egil;bren_mp;40;MOD_RIFLE_BULLET;torso_lower
 13:46 D;0;0;axis;Benji;0;1;allies;Jan Egil;bren_mp;40;MOD_RIFLE_BULLET;torso_lower
 13:46 K;0;0;axis;Benji;0;1;allies;Jan Egil;bren_mp;40;MOD_RIFLE_BULLET;right_arm_upper
 13:57 D;0;0;axis;Benji;0;1;allies;Jan Egil;bren_mp;40;MOD_RIFLE_BULLET;left_arm_upper
 13:58 K;0;0;axis;Benji;0;2;allies;Palmeklatten;enfield_scope_mp;135;MOD_RIFLE_BULLET;right_leg_upper
 14:05 Weapon;0;1;Jan Egil;frag_grenade_german_mp
 14:06 Weapon;0;1;Jan Egil;kar98k_mp
 14:11 D;0;0;axis;Benji;0;1;allies;Jan Egil;bren_mp;40;MOD_RIFLE_BULLET;torso_lower
 14:11 D;0;0;axis;Benji;0;1;allies;Jan Egil;bren_mp;40;MOD_RIFLE_BULLET;torso_upper
 14:19 D;0;0;axis;Benji;0;1;allies;Jan Egil;bren_mp;40;MOD_RIFLE_BULLET;torso_lower
 14:19 K;0;1;allies;Jan Egil;0;0;axis;Benji;kar98k_mp;135;MOD_RIFLE_BULLET;torso_lower
 14:30 Weapon;0;0;Benji;bren_mp
 15:11 Weapon;0;0;Benji;frag_grenade_british_mp
 15:20 D;0;0;axis;Benji;0;1;allies;Jan Egil;sten_mp;35;MOD_PISTOL_BULLET;torso_upper
 15:21 D;0;0;axis;Benji;0;1;allies;Jan Egil;sten_mp;35;MOD_PISTOL_BULLET;left_arm_lower
 15:21 K;0;0;axis;Benji;0;1;allies;Jan Egil;sten_mp;35;MOD_PISTOL_BULLET;right_hand
 15:26 Weapon;0;1;Jan Egil;frag_grenade_german_mp
 15:27 Weapon;0;1;Jan Egil;bren_mp
 15:53 D;0;4;allies;ketil;0;0;axis;Benji;kar98k_mp;52;MOD_RIFLE_BULLET;torso_lower
 15:53 K;0;4;allies;ketil;0;0;axis;Benji;mg42_bipod_stand_mp;52;MOD_RIFLE_BULLET;torso_lower
 15:55 D;0;1;allies;Jan Egil;0;0;axis;Benji;kar98k_mp;35;MOD_RIFLE_BULLET;left_leg_lower
 15:55 D;0;1;allies;Jan Egil;0;0;axis;Benji;kar98k_mp;52;MOD_RIFLE_BULLET;torso_lower
 15:55 K;0;1;allies;Jan Egil;0;0;axis;Benji;mg42_bipod_stand_mp;52;MOD_RIFLE_BULLET;torso_lower
 16:08 Weapon;0;1;Jan Egil;kar98k_mp
 16:53 K;0;2;allies;Palmeklatten;0;0;axis;Benji;kar98k_mp;135;MOD_RIFLE_BULLET;torso_upper
 16:57 K;0;1;allies;Jan Egil;0;0;axis;Benji;kar98k_mp;270;MOD_HEAD_SHOT;head
 17:05 K;0;1;allies;Jan Egil;0;0;axis;Benji;kar98k_mp;135;MOD_RIFLE_BULLET;neck
 17:14 D;0;4;allies;ketil;0;0;axis;Benji;kar98k_mp;90;MOD_RIFLE_BULLET;right_leg_upper
 17:28 Weapon;0;1;Jan Egil;sten_mp
 17:48 K;0;1;allies;Jan Egil;0;0;axis;Benji;kar98k_mp;270;MOD_HEAD_SHOT;head
 18:22 K;0;0;axis;Benji;0;1;allies;Jan Egil;enfield_mp;135;MOD_RIFLE_BULLET;neck
 18:47 K;0;0;axis;Benji;0;2;allies;Palmeklatten;enfield_scope_mp;270;MOD_HEAD_SHOT;head
 18:56 K;0;1;allies;Jan Egil;0;0;axis;Benji;kar98k_mp;135;MOD_RIFLE_BULLET;torso_upper
 19:24 K;0;0;axis;Benji;0;2;allies;Palmeklatten;enfield_scope_mp;135;MOD_RIFLE_BULLET;torso_lower
 19:26 Weapon;0;1;Jan Egil;sten_mp
 19:36 K;0;1;allies;Jan Egil;0;1;allies;Jan Egil;none;100000;MOD_SUICIDE;none
 19:38 K;0;0;axis;Benji;0;2;allies;Palmeklatten;enfield_scope_mp;135;MOD_RIFLE_BULLET;torso_lower
 19:45 Weapon;0;4;ketil;kar98k_mp
 19:46 Weapon;0;4;ketil;enfield_scope_mp
 19:54 K;0;4;allies;ketil;0;1;axis;Jan Egil;g43_mp;135;MOD_HEAD_SHOT;head
 20:12 D;0;2;allies;Palmeklatten;0;1;axis;Jan Egil;g43_mp;45;MOD_RIFLE_BULLET;torso_lower
 20:12 D;0;2;allies;Palmeklatten;0;1;axis;Jan Egil;g43_mp;45;MOD_RIFLE_BULLET;torso_lower
 20:12 K;0;2;allies;Palmeklatten;0;1;axis;Jan Egil;g43_mp;45;MOD_RIFLE_BULLET;torso_lower
 20:26 K;0;2;allies;Palmeklatten;0;0;axis;Benji;frag_grenade_german_mp;146;MOD_GRENADE_SPLASH;none
 20:27 D;0;4;allies;ketil;0;1;axis;Jan Egil;g43_mp;45;MOD_RIFLE_BULLET;torso_lower
 20:27 D;0;4;allies;ketil;0;1;axis;Jan Egil;g43_mp;45;MOD_RIFLE_BULLET;left_leg_upper
 20:27 K;0;4;allies;ketil;0;1;axis;Jan Egil;g43_mp;45;MOD_RIFLE_BULLET;torso_lower
 20:29 Weapon;0;1;Jan Egil;frag_grenade_british_mp
 20:37 Weapon;0;0;Benji;frag_grenade_british_mp
 20:52 K;0;4;allies;ketil;0;1;axis;Jan Egil;g43_mp;135;MOD_HEAD_SHOT;head
 20:55 D;0;2;allies;Palmeklatten;0;1;axis;Jan Egil;g43_mp;90;MOD_RIFLE_BULLET;torso_upper
 20:58 K;0;1;axis;Jan Egil;0;2;allies;Palmeklatten;enfield_scope_mp;135;MOD_RIFLE_BULLET;torso_lower
 21:00 K;0;2;allies;Palmeklatten;0;0;axis;Benji;kar98k_mp;135;MOD_RIFLE_BULLET;torso_lower
 21:06 K;0;2;allies;Palmeklatten;0;0;axis;Benji;kar98k_mp;135;MOD_RIFLE_BULLET;torso_lower
 21:25 K;0;2;allies;Palmeklatten;0;0;axis;Benji;kar98k_mp;135;MOD_RIFLE_BULLET;torso_upper
 21:34 D;0;2;allies;Palmeklatten;0;1;axis;Jan Egil;g43_mp;45;MOD_RIFLE_BULLET;torso_lower
 21:34 D;0;2;allies;Palmeklatten;0;1;axis;Jan Egil;g43_mp;45;MOD_RIFLE_BULLET;left_leg_upper
 21:34 K;0;2;allies;Palmeklatten;0;1;axis;Jan Egil;g43_mp;45;MOD_RIFLE_BULLET;torso_lower
 21:36 Weapon;0;1;Jan Egil;frag_grenade_british_mp
 21:38 K;0;1;axis;Jan Egil;0;2;allies;Palmeklatten;enfield_scope_mp;135;MOD_RIFLE_BULLET;torso_lower
 21:54 J;0;3;Ruby x 3
 21:56 K;0;2;allies;Palmeklatten;0;0;axis;Benji;kar98k_mp;135;MOD_RIFLE_BULLET;torso_lower
 22:06 D;0;4;allies;ketil;0;0;axis;Benji;kar98k_mp;52;MOD_RIFLE_BULLET;torso_lower
 22:06 K;0;4;allies;ketil;0;0;axis;Benji;mg42_bipod_stand_mp;52;MOD_RIFLE_BULLET;torso_lower
 22:23 K;0;3;allies;Ruby x 3;0;0;axis;Benji;kar98k_mp;270;MOD_HEAD_SHOT;head
 22:34 D;0;0;axis;Benji;0;2;allies;Palmeklatten;enfield_scope_mp;90;MOD_RIFLE_BULLET;left_arm_lower
 22:36 Weapon;0;1;Jan Egil;frag_grenade_british_mp
 22:43 K;0;4;allies;ketil;0;0;axis;Benji;kar98k_mp;135;MOD_RIFLE_BULLET;torso_upper
 22:45 K;0;2;allies;Palmeklatten;0;0;axis;Benji;kar98k_mp;270;MOD_HEAD_SHOT;head
 22:56 K;0;3;allies;Ruby x 3;0;0;axis;Benji;kar98k_mp;135;MOD_RIFLE_BULLET;neck
 22:58 D;0;4;allies;ketil;0;1;axis;Jan Egil;g43_mp;45;MOD_RIFLE_BULLET;right_arm_lower
 22:58 K;0;4;allies;ketil;0;1;axis;Jan Egil;g43_mp;135;MOD_HEAD_SHOT;head
 23:03 Weapon;0;0;Benji;frag_grenade_british_mp
 23:03 Weapon;0;3;Ruby x 3;frag_grenade_british_mp
 23:05 Weapon;0;1;Jan Egil;enfield_scope_mp
 23:27 K;0;4;allies;ketil;0;0;axis;Benji;kar98k_mp;135;MOD_RIFLE_BULLET;torso_lower
 23:28 K;0;0;axis;Benji;0;2;allies;Palmeklatten;enfield_scope_mp;135;MOD_RIFLE_BULLET;torso_lower
 23:48 K;0;3;allies;Ruby x 3;0;1;axis;Jan Egil;enfield_scope_mp;135;MOD_RIFLE_BULLET;right_arm_upper
 23:49 K;0;2;allies;Palmeklatten;0;0;axis;Benji;kar98k_mp;135;MOD_RIFLE_BULLET;left_arm_upper
 23:58 K;0;4;allies;ketil;0;0;axis;Benji;kar98k_mp;270;MOD_HEAD_SHOT;head
 24:00 K;0;3;allies;Ruby x 3;0;0;axis;Benji;kar98k_mp;135;MOD_RIFLE_BULLET;right_arm_upper
 24:10 K;0;4;allies;ketil;0;0;axis;Benji;kar98k_mp;270;MOD_HEAD_SHOT;head
 24:16 K;0;2;allies;Palmeklatten;0;0;axis;Benji;kar98k_mp;459;MOD_MELEE;head
 24:19 D;0;3;allies;Ruby x 3;0;0;axis;Benji;kar98k_mp;90;MOD_RIFLE_BULLET;right_arm_lower
 24:28 K;0;3;allies;Ruby x 3;0;0;axis;Benji;kar98k_mp;135;MOD_RIFLE_BULLET;torso_lower
 24:38 Weapon;0;0;Benji;frag_grenade_british_mp
 24:41 D;0;1;axis;Jan Egil;0;3;allies;Ruby x 3;enfield_scope_mp;90;MOD_RIFLE_BULLET;left_arm_lower
 24:45 D;0;4;allies;ketil;0;1;axis;Jan Egil;frag_grenade_british_mp;60;MOD_GRENADE_SPLASH;none
 24:46 K;0;3;allies;Ruby x 3;0;0;axis;Benji;kar98k_mp;135;MOD_RIFLE_BULLET;neck
 24:48 K;0;4;allies;ketil;0;0;axis;Benji;kar98k_mp;135;MOD_RIFLE_BULLET;torso_lower
 24:51 K;0;2;allies;Palmeklatten;0;0;axis;Benji;kar98k_mp;270;MOD_HEAD_SHOT;head
 25:08 K;0;3;allies;Ruby x 3;0;1;axis;Jan Egil;enfield_scope_mp;135;MOD_RIFLE_BULLET;torso_upper
 25:14 K;0;4;allies;ketil;0;0;axis;Benji;kar98k_mp;135;MOD_RIFLE_BULLET;torso_lower
 25:25 K;0;3;allies;Ruby x 3;0;1;axis;Jan Egil;enfield_scope_mp;135;MOD_RIFLE_BULLET;torso_upper
 25:42 D;0;2;allies;Palmeklatten;0;0;axis;Benji;frag_grenade_british_mp;94;MOD_GRENADE_SPLASH;none
 25:42 K;0;3;allies;Ruby x 3;0;0;axis;Benji;frag_grenade_british_mp;139;MOD_GRENADE_SPLASH;none
 25:54 K;0;4;allies;ketil;0;1;axis;Jan Egil;enfield_scope_mp;135;MOD_RIFLE_BULLET;torso_lower
 26:04 D;0;3;allies;Ruby x 3;0;1;axis;Jan Egil;g43_mp;90;MOD_RIFLE_BULLET;right_arm_upper
 26:04 K;0;3;allies;Ruby x 3;0;1;axis;Jan Egil;g43_mp;90;MOD_RIFLE_BULLET;torso_upper
 26:10 K;0;0;axis;Benji;0;2;allies;Palmeklatten;enfield_scope_mp;270;MOD_HEAD_SHOT;head
 26:16 D;0;1;axis;Jan Egil;0;3;allies;Ruby x 3;shotgun_mp;50;MOD_PISTOL_BULLET;right_arm_lower
 26:17 K;0;3;allies;Ruby x 3;0;1;axis;Jan Egil;g43_mp;135;MOD_HEAD_SHOT;head
 26:25 K;0;4;allies;ketil;0;0;axis;Benji;kar98k_mp;135;MOD_RIFLE_BULLET;torso_lower
 26:26 Weapon;0;1;Jan Egil;enfield_scope_mp
 26:26 Weapon;0;1;Jan Egil;frag_grenade_british_mp
 26:26 K;0;2;allies;Palmeklatten;0;1;axis;Jan Egil;g43_mp;462;MOD_MELEE;head
 26:29 D;0;1;axis;Jan Egil;0;3;allies;Ruby x 3;shotgun_mp;50;MOD_PISTOL_BULLET;right_arm_upper
 26:29 K;0;1;axis;Jan Egil;0;3;allies;Ruby x 3;shotgun_mp;50;MOD_PISTOL_BULLET;neck
 26:34 Weapon;0;3;Ruby x 3;g43_mp
 26:39 Weapon;0;3;Ruby x 3;frag_grenade_british_mp
 26:44 Weapon;0;1;Jan Egil;frag_grenade_british_mp
 26:46 Weapon;0;1;Jan Egil;enfield_scope_mp
 26:47 K;0;2;allies;Palmeklatten;0;0;axis;Benji;kar98k_mp;135;MOD_RIFLE_BULLET;torso_upper
 26:52 K;0;4;allies;ketil;0;1;axis;Jan Egil;enfield_scope_mp;270;MOD_HEAD_SHOT;head
 26:56 Weapon;0;3;Ruby x 3;kar98k_mp
 27:12 K;0;4;allies;ketil;0;1;axis;Jan Egil;g43_mp;135;MOD_HEAD_SHOT;head
 27:18 D;0;1;axis;Jan Egil;0;3;allies;Ruby x 3;kar98k_mp;90;MOD_RIFLE_BULLET;right_leg_upper
 27:19 K;0;3;allies;Ruby x 3;0;0;axis;Benji;kar98k_mp;462;MOD_MELEE;head
 27:21 K;0;1;axis;Jan Egil;0;4;allies;ketil;enfield_scope_mp;270;MOD_HEAD_SHOT;head
 27:22 K;0;2;allies;Palmeklatten;0;0;axis;Benji;kar98k_mp;135;MOD_RIFLE_BULLET;torso_upper
 27:29 Weapon;0;3;Ruby x 3;frag_grenade_british_mp
 27:30 Weapon;0;3;Ruby x 3;enfield_scope_mp
 27:35 K;0;3;allies;Ruby x 3;0;0;axis;Benji;kar98k_mp;135;MOD_RIFLE_BULLET;torso_upper
 27:41 D;0;2;allies;Palmeklatten;0;1;axis;Jan Egil;g43_mp;90;MOD_RIFLE_BULLET;torso_upper
 27:41 K;0;2;allies;Palmeklatten;0;1;axis;Jan Egil;g43_mp;90;MOD_RIFLE_BULLET;torso_upper
 27:43 Weapon;0;0;Benji;frag_grenade_british_mp
 27:46 D;0;1;axis;Jan Egil;0;3;allies;Ruby x 3;shotgun_mp;36;MOD_PISTOL_BULLET;left_arm_lower
 27:46 K;0;3;allies;Ruby x 3;0;1;axis;Jan Egil;g43_mp;135;MOD_HEAD_SHOT;head
 27:49 Weapon;0;1;Jan Egil;frag_grenade_british_mp
 27:54 Weapon;0;1;Jan Egil;shotgun_mp
 28:00 K;0;0;axis;Benji;0;2;allies;Palmeklatten;enfield_scope_mp;135;MOD_RIFLE_BULLET;torso_upper
 28:07 D;0;2;allies;Palmeklatten;0;1;axis;Jan Egil;g43_mp;90;MOD_RIFLE_BULLET;torso_upper
 28:08 K;0;2;allies;Palmeklatten;0;1;axis;Jan Egil;g43_mp;90;MOD_RIFLE_BULLET;left_arm_upper
 28:08 D;0;1;axis;Jan Egil;0;3;allies;Ruby x 3;shotgun_mp;50;MOD_PISTOL_BULLET;head
 28:08 D;0;3;allies;Ruby x 3;0;1;axis;Jan Egil;g43_mp;45;MOD_RIFLE_BULLET;left_leg_lower
 28:09 K;0;1;axis;Jan Egil;0;3;allies;Ruby x 3;shotgun_mp;50;MOD_PISTOL_BULLET;torso_lower
 28:10 Weapon;0;3;Ruby x 3;frag_grenade_german_mp
 28:16 D;0;3;allies;Ruby x 3;0;0;axis;Benji;frag_grenade_german_mp;41;MOD_GRENADE_SPLASH;none
 28:16 D;0;3;allies;Ruby x 3;0;1;axis;Jan Egil;g43_mp;45;MOD_RIFLE_BULLET;left_leg_lower
 28:17 K;0;3;allies;Ruby x 3;0;0;axis;Benji;kar98k_mp;135;MOD_RIFLE_BULLET;torso_lower
 28:26 D;0;2;allies;Palmeklatten;0;1;axis;Jan Egil;g43_mp;45;MOD_RIFLE_BULLET;torso_lower
 28:26 D;0;2;allies;Palmeklatten;0;1;axis;Jan Egil;g43_mp;45;MOD_RIFLE_BULLET;right_arm_lower
 28:26 D;0;4;allies;ketil;0;1;axis;Jan Egil;g43_mp;45;MOD_RIFLE_BULLET;torso_lower
 28:27 D;0;4;allies;ketil;0;1;axis;Jan Egil;g43_mp;45;MOD_RIFLE_BULLET;torso_lower
 28:27 K;0;4;allies;ketil;0;1;axis;Jan Egil;g43_mp;90;MOD_RIFLE_BULLET;torso_upper
 28:28 K;0;2;allies;Palmeklatten;0;1;axis;Jan Egil;g43_mp;90;MOD_RIFLE_BULLET;neck
 28:30 Weapon;0;1;Jan Egil;frag_grenade_british_mp
 28:31 K;0;3;allies;Ruby x 3;0;0;axis;Benji;kar98k_mp;135;MOD_RIFLE_BULLET;torso_upper
 28:39 Weapon;0;0;Benji;frag_grenade_british_mp
 28:40 Weapon;0;0;Benji;kar98k_mp
 28:49 D;0;1;axis;Jan Egil;0;3;allies;Ruby x 3;shotgun_mp;50;MOD_PISTOL_BULLET;left_arm_upper
 28:49 K;0;1;axis;Jan Egil;0;3;allies;Ruby x 3;shotgun_mp;50;MOD_PISTOL_BULLET;torso_lower
 28:56 Weapon;0;1;Jan Egil;frag_grenade_german_mp
 29:00 Weapon;0;1;Jan Egil;enfield_scope_mp
 29:06 K;0;4;allies;ketil;0;0;axis;Benji;kar98k_mp;135;MOD_RIFLE_BULLET;torso_upper
 29:07 D;0;0;axis;Benji;0;3;allies;Ruby x 3;shotgun_mp;35;MOD_RIFLE_BULLET;torso_lower
 29:07 D;0;0;axis;Benji;0;3;allies;Ruby x 3;shotgun_mp;35;MOD_RIFLE_BULLET;left_leg_upper
 29:07 K;0;0;axis;Benji;0;3;allies;Ruby x 3;mg42_bipod_stand_mp;35;MOD_RIFLE_BULLET;torso_lower
 29:10 Weapon;0;1;Jan Egil;g43_mp
 29:15 K;0;3;allies;Ruby x 3;0;0;axis;Benji;kar98k_mp;135;MOD_RIFLE_BULLET;torso_upper
 29:37 D;0;3;allies;Ruby x 3;0;1;axis;Jan Egil;g43_mp;45;MOD_RIFLE_BULLET;torso_lower
 29:44 D;0;1;axis;Jan Egil;0;3;allies;Ruby x 3;thompson_mp;35;MOD_PISTOL_BULLET;torso_lower
 29:45 K;0;3;allies;Ruby x 3;0;0;axis;Benji;kar98k_mp;135;MOD_RIFLE_BULLET;left_arm_upper
 30:02 D;0;3;allies;Ruby x 3;0;0;axis;Benji;kar98k_mp;90;MOD_RIFLE_BULLET;right_leg_upper
 30:02 D;0;0;axis;Benji;0;3;allies;Ruby x 3;thompson_mp;35;MOD_PISTOL_BULLET;torso_lower
 30:03 D;0;0;axis;Benji;0;3;allies;Ruby x 3;thompson_mp;35;MOD_PISTOL_BULLET;left_hand
 30:03 K;0;3;allies;Ruby x 3;0;1;axis;Jan Egil;g43_mp;45;MOD_RIFLE_BULLET;right_leg_upper
 30:04 K;0;0;axis;Benji;0;2;allies;Palmeklatten;enfield_scope_mp;135;MOD_RIFLE_BULLET;torso_lower
 30:15 Weapon;0;3;Ruby x 3;frag_grenade_british_mp
 30:16 K;0;1;axis;Jan Egil;0;3;allies;Ruby x 3;thompson_mp;105;MOD_HEAD_SHOT;head
 30:16 Weapon;0;3;Ruby x 3;frag_grenade_german_mp
 30:31 K;0;1;axis;Jan Egil;0;3;allies;Ruby x 3;thompson_mp;105;MOD_HEAD_SHOT;head
 30:43 K;0;0;axis;Benji;0;2;allies;Palmeklatten;enfield_scope_mp;135;MOD_RIFLE_BULLET;torso_upper
 30:48 D;0;3;allies;Ruby x 3;0;1;axis;Jan Egil;g43_mp;45;MOD_RIFLE_BULLET;torso_lower
 30:48 D;0;3;allies;Ruby x 3;0;1;axis;Jan Egil;g43_mp;45;MOD_RIFLE_BULLET;torso_lower
 30:49 K;0;3;allies;Ruby x 3;0;1;axis;Jan Egil;g43_mp;45;MOD_RIFLE_BULLET;left_foot
 31:00 Weapon;0;3;Ruby x 3;frag_grenade_british_mp
 31:00 Weapon;0;3;Ruby x 3;enfield_scope_mp
 31:16 Weapon;0;1;Jan Egil;frag_grenade_german_mp
 31:20 K;0;4;allies;ketil;0;0;axis;Benji;kar98k_mp;270;MOD_HEAD_SHOT;head
 31:32 K;0;2;allies;Palmeklatten;0;1;axis;Jan Egil;g43_mp;300;MOD_MELEE;torso_upper
 31:33 K;0;0;axis;Benji;0;3;allies;Ruby x 3;enfield_scope_mp;135;MOD_RIFLE_BULLET;torso_lower
 31:37 D;0;4;allies;ketil;0;1;axis;Jan Egil;g43_mp;90;MOD_RIFLE_BULLET;torso_upper
 31:38 K;0;4;allies;ketil;0;1;axis;Jan Egil;g43_mp;90;MOD_RIFLE_BULLET;torso_upper
 31:40 D;0;1;axis;Jan Egil;0;3;allies;Ruby x 3;thompson_mp;34;MOD_PISTOL_BULLET;torso_lower
 31:40 D;0;1;axis;Jan Egil;0;3;allies;Ruby x 3;thompson_mp;34;MOD_PISTOL_BULLET;torso_lower
 31:48 D;0;1;axis;Jan Egil;0;3;allies;Ruby x 3;thompson_mp;35;MOD_PISTOL_BULLET;left_foot
 31:48 D;0;1;axis;Jan Egil;0;3;allies;Ruby x 3;thompson_mp;35;MOD_PISTOL_BULLET;left_leg_upper
 31:49 K;0;1;axis;Jan Egil;0;3;allies;Ruby x 3;thompson_mp;35;MOD_PISTOL_BULLET;right_leg_upper
 32:03 Weapon;0;0;Benji;frag_grenade_british_mp
 32:09 K;0;2;allies;Palmeklatten;0;1;axis;Jan Egil;g43_mp;135;MOD_HEAD_SHOT;head
 32:23 K;0;0;axis;Benji;0;4;allies;ketil;enfield_scope_mp;135;MOD_RIFLE_BULLET;torso_upper
 32:29 D;0;2;allies;Palmeklatten;0;1;axis;Jan Egil;g43_mp;90;MOD_RIFLE_BULLET;torso_upper
 32:29 K;0;2;allies;Palmeklatten;0;1;axis;Jan Egil;g43_mp;135;MOD_HEAD_SHOT;head
 32:50 D;0;2;allies;Palmeklatten;0;1;axis;Jan Egil;g43_mp;45;MOD_RIFLE_BULLET;torso_lower
 32:50 K;0;2;allies;Palmeklatten;0;1;axis;Jan Egil;g43_mp;90;MOD_RIFLE_BULLET;torso_upper
 32:52 K;0;4;allies;ketil;0;1;axis;Jan Egil;g43_mp;135;MOD_HEAD_SHOT;head
 32:58 D;0;0;axis;Benji;0;3;allies;Ruby x 3;thompson_mp;35;MOD_PISTOL_BULLET;left_hand
 32:58 D;0;0;axis;Benji;0;3;allies;Ruby x 3;thompson_mp;35;MOD_PISTOL_BULLET;right_arm_lower
 32:58 K;0;0;axis;Benji;0;3;allies;Ruby x 3;thompson_mp;35;MOD_PISTOL_BULLET;right_arm_upper
 33:01 D;0;3;allies;Ruby x 3;0;1;axis;Jan Egil;g43_mp;45;MOD_RIFLE_BULLET;torso_lower
 33:04 K;0;1;axis;Jan Egil;0;2;allies;Palmeklatten;enfield_scope_mp;135;MOD_RIFLE_BULLET;torso_lower
 33:13 K;0;3;allies;Ruby x 3;0;0;axis;Benji;kar98k_mp;270;MOD_HEAD_SHOT;head
 33:26 Weapon;0;3;Ruby x 3;enfield_scope_mp
 33:28 Weapon;0;3;Ruby x 3;frag_grenade_british_mp
 33:29 D;0;1;axis;Jan Egil;0;3;allies;Ruby x 3;thompson_mp;35;MOD_PISTOL_BULLET;torso_lower
 33:30 D;0;3;allies;Ruby x 3;0;1;axis;Jan Egil;g43_mp;90;MOD_RIFLE_BULLET;torso_upper
 33:31 K;0;3;allies;Ruby x 3;0;1;axis;Jan Egil;g43_mp;135;MOD_HEAD_SHOT;head
 33:43 D;0;2;allies;Palmeklatten;0;1;axis;Jan Egil;g43_mp;90;MOD_RIFLE_BULLET;torso_upper
 33:44 K;0;2;allies;Palmeklatten;0;1;axis;Jan Egil;g43_mp;90;MOD_RIFLE_BULLET;torso_upper
 33:45 Weapon;0;1;Jan Egil;frag_grenade_british_mp
 33:48 Weapon;0;1;Jan Egil;enfield_scope_mp
 33:49 D;0;1;axis;Jan Egil;0;3;allies;Ruby x 3;thompson_mp;35;MOD_PISTOL_BULLET;left_arm_lower
 33:49 D;0;1;axis;Jan Egil;0;3;allies;Ruby x 3;thompson_mp;35;MOD_PISTOL_BULLET;torso_lower
 33:49 K;0;1;axis;Jan Egil;0;3;allies;Ruby x 3;thompson_mp;35;MOD_PISTOL_BULLET;torso_upper
 33:50 Weapon;0;3;Ruby x 3;frag_grenade_german_mp
 33:56 Weapon;0;4;ketil;frag_grenade_german_mp
 33:56 K;0;0;axis;Benji;0;4;allies;ketil;sten_mp;105;MOD_HEAD_SHOT;head
 34:05 Weapon;0;3;Ruby x 3;thompson_mp
 34:06 Weapon;0;3;Ruby x 3;enfield_scope_mp
 34:08 K;0;1;axis;Jan Egil;0;3;allies;Ruby x 3;enfield_scope_mp;135;MOD_RIFLE_BULLET;torso_upper
 34:09 K;0;3;allies;Ruby x 3;0;0;axis;Benji;kar98k_mp;135;MOD_RIFLE_BULLET;torso_lower
 34:22 Weapon;0;1;Jan Egil;frag_grenade_british_mp
 34:22 K;0;2;allies;Palmeklatten;0;1;axis;Jan Egil;luger_mp;127;MOD_MELEE;head
 34:28 D;0;1;axis;Jan Egil;0;3;allies;Ruby x 3;thompson_mp;35;MOD_PISTOL_BULLET;left_leg_upper
 34:29 D;0;1;axis;Jan Egil;0;3;allies;Ruby x 3;thompson_mp;35;MOD_PISTOL_BULLET;left_arm_upper
 34:29 K;0;1;axis;Jan Egil;0;3;allies;Ruby x 3;thompson_mp;35;MOD_PISTOL_BULLET;torso_lower
 34:30 Weapon;0;3;Ruby x 3;frag_grenade_german_mp
 34:31 Weapon;0;3;Ruby x 3;g43_mp
 34:56 K;0;4;allies;ketil;0;0;axis;Benji;kar98k_mp;270;MOD_HEAD_SHOT;head
 34:58 K;0;0;axis;Benji;0;2;allies;Palmeklatten;frag_grenade_british_mp;119;MOD_GRENADE_SPLASH;none
 35:09 Weapon;0;1;Jan Egil;kar98k_mp
 35:10 K;0;1;axis;Jan Egil;0;3;allies;Ruby x 3;g43_mp;135;MOD_HEAD_SHOT;head
 35:32 Weapon;0;1;Jan Egil;frag_grenade_german_mp
 35:33 Weapon;0;1;Jan Egil;kar98k_mp
 35:35 K;0;4;allies;ketil;0;1;axis;Jan Egil;kar98k_mp;270;MOD_HEAD_SHOT;head
 35:57 K;0;2;allies;Palmeklatten;0;0;axis;Benji;kar98k_mp;270;MOD_HEAD_SHOT;head
 36:04 D;0;0;axis;Benji;0;3;allies;Ruby x 3;g43_mp;45;MOD_RIFLE_BULLET;left_leg_upper
 36:04 D;0;2;allies;Palmeklatten;0;1;axis;Jan Egil;g43_mp;90;MOD_RIFLE_BULLET;torso_upper
 36:05 K;0;2;allies;Palmeklatten;0;1;axis;Jan Egil;g43_mp;135;MOD_HEAD_SHOT;head
 36:05 D;0;0;axis;Benji;0;3;allies;Ruby x 3;g43_mp;45;MOD_RIFLE_BULLET;torso_lower
 36:09 K;0;3;allies;Ruby x 3;0;0;axis;Benji;kar98k_mp;135;MOD_RIFLE_BULLET;torso_lower
 36:12 K;0;4;allies;ketil;0;0;axis;Benji;kar98k_mp;135;MOD_RIFLE_BULLET;torso_lower
 36:14 Weapon;0;3;Ruby x 3;frag_grenade_german_mp
 36:16 Weapon;0;3;Ruby x 3;g43_mp
 36:26 D;0;3;allies;Ruby x 3;0;1;axis;Jan Egil;g43_mp;90;MOD_RIFLE_BULLET;torso_upper
 36:27 K;0;3;allies;Ruby x 3;0;1;axis;Jan Egil;g43_mp;90;MOD_RIFLE_BULLET;torso_upper
 36:31 D;0;1;axis;Jan Egil;0;3;allies;Ruby x 3;thompson_mp;35;MOD_PISTOL_BULLET;left_arm_lower
 36:33 K;0;2;allies;Palmeklatten;0;1;axis;Jan Egil;g43_mp;456;MOD_MELEE;head
 36:35 D;0;1;axis;Jan Egil;0;3;allies;Ruby x 3;thompson_mp;35;MOD_PISTOL_BULLET;torso_lower
 36:35 K;0;1;axis;Jan Egil;0;3;allies;Ruby x 3;thompson_mp;35;MOD_PISTOL_BULLET;right_arm_upper
 36:36 Weapon;0;3;Ruby x 3;frag_grenade_german_mp
 36:37 Weapon;0;3;Ruby x 3;g43_mp
 36:37 K;0;3;allies;Ruby x 3;0;0;axis;Benji;kar98k_mp;135;MOD_RIFLE_BULLET;torso_lower
 36:40 D;0;2;allies;Palmeklatten;0;0;axis;Benji;kar98k_mp;90;MOD_RIFLE_BULLET;right_arm_lower
 36:42 K;0;2;allies;Palmeklatten;0;0;axis;Benji;kar98k_mp;135;MOD_RIFLE_BULLET;torso_upper
 36:50 D;0;1;axis;Jan Egil;0;3;allies;Ruby x 3;thompson_mp;35;MOD_PISTOL_BULLET;right_leg_lower
 36:50 D;0;1;axis;Jan Egil;0;3;allies;Ruby x 3;thompson_mp;35;MOD_PISTOL_BULLET;right_leg_lower
 36:50 D;0;3;allies;Ruby x 3;0;1;axis;Jan Egil;g43_mp;90;MOD_RIFLE_BULLET;torso_upper
 36:51 K;0;1;axis;Jan Egil;0;3;allies;Ruby x 3;thompson_mp;35;MOD_PISTOL_BULLET;left_arm_upper
 36:51 K;0;4;allies;ketil;0;0;axis;Benji;kar98k_mp;135;MOD_RIFLE_BULLET;torso_lower
 36:59 D;0;0;axis;Benji;0;3;allies;Ruby x 3;thompson_mp;35;MOD_PISTOL_BULLET;left_leg_upper
 36:59 D;0;0;axis;Benji;0;3;allies;Ruby x 3;thompson_mp;35;MOD_PISTOL_BULLET;torso_lower
 37:03 K;0;0;axis;Benji;0;3;allies;Ruby x 3;thompson_mp;35;MOD_PISTOL_BULLET;torso_upper
 37:04 Weapon;0;3;Ruby x 3;frag_grenade_german_mp
 37:09 D;0;1;axis;Jan Egil;0;3;allies;Ruby x 3;thompson_mp;35;MOD_PISTOL_BULLET;left_leg_upper
 37:10 D;0;1;axis;Jan Egil;0;3;allies;Ruby x 3;thompson_mp;35;MOD_PISTOL_BULLET;torso_lower
 37:10 K;0;1;axis;Jan Egil;0;3;allies;Ruby x 3;thompson_mp;35;MOD_PISTOL_BULLET;left_leg_upper
 37:18 Weapon;0;3;Ruby x 3;g43_mp
 37:24 Weapon;0;3;Ruby x 3;thompson_mp
 37:24 D;0;3;allies;Ruby x 3;0;1;axis;Jan Egil;g43_mp;45;MOD_RIFLE_BULLET;torso_lower
 37:25 K;0;3;allies;Ruby x 3;0;1;axis;Jan Egil;g43_mp;90;MOD_RIFLE_BULLET;torso_upper
 37:26 K;0;4;allies;ketil;0;0;axis;Benji;kar98k_mp;270;MOD_HEAD_SHOT;head
 37:28 W;axis;0;Benji;0;Jan Egil
 37:28 L;allies;0;Palmeklatten;0;Ruby x 3;0;ketil
 37:38 ExitLevel: executed
 37:38 ShutdownGame:
 37:38 ------------------------------------------------------------
 37:38 ------------------------------------------------------------
 37:38 InitGame: \g_antilag\1\g_gametype\tdm\gamename\Call of Duty 2\mapname\mp_toujane\protocol\118\scr_friendlyfire\0\scr_killcam\1\shortversion\1.3\sv_allowAnonymous\0\sv_floodProtect\1\sv_hostname\Villalan\sv_maxclients\20\sv_maxPing\0\sv_maxRate\0\sv_minPing\0\sv_privateClients\0\sv_punkbuster\0\sv_pure\1\sv_voice\0
 37:38 J;0;4;ketil
 37:38 J;0;3;Ruby x 3
 37:38 J;0;2;Palmeklatten
 37:38 J;0;1;Jan Egil
 37:38 J;0;0;Benji
 37:47 Q;0;3;Ruby x 3
 37:49 ShutdownGame:
 37:49 ------------------------------------------------------------
  0:00 ------------------------------------------------------------
  0:00 InitGame: \g_antilag\1\g_gametype\tdm\gamename\Call of Duty 2\mapname\mp_carentan\protocol\118\shortversion\1.3\sv_allowAnonymous\0\sv_floodProtect\1\sv_hostname\Villalan\sv_maxclients\20\sv_maxPing\0\sv_maxRate\0\sv_minPing\0\sv_privateClients\0\sv_punkbuster\0\sv_pure\1\sv_voice\0
  0:00 J;0;0;Benji
  0:20 J;0;2;32!!!
  0:21 J;0;1;Ruby x 3
  0:31 J;0;3;Palmeklatten
  0:40 J;0;4;Jan Egil
  0:44 D;0;1;allies;Ruby x 3;0;0;axis;Benji;kar98k_mp;90;MOD_RIFLE_BULLET;right_arm_lower
  0:47 D;0;0;axis;Benji;0;1;allies;Ruby x 3;m1carbine_mp;45;MOD_PISTOL_BULLET;right_foot
  0:52 Weapon;0;1;Ruby x 3;frag_grenade_german_mp
  0:52 K;0;0;axis;Benji;0;1;allies;Ruby x 3;m1carbine_mp;450;MOD_MELEE;head
  0:56 K;0;2;axis;32!!!;0;1;allies;Ruby x 3;m1carbine_mp;304;MOD_MELEE;neck
  1:11 Weapon;0;4;Jan Egil;kar98k_mp
  1:17 Weapon;0;4;Jan Egil;frag_grenade_german_mp
  1:18 K;0;1;allies;Ruby x 3;0;0;axis;Benji;kar98k_mp;135;MOD_RIFLE_BULLET;torso_lower
  1:49 D;0;0;axis;Benji;0;1;allies;Ruby x 3;m1carbine_mp;45;MOD_PISTOL_BULLET;torso_lower
  1:54 D;0;0;axis;Benji;0;1;allies;Ruby x 3;m1carbine_mp;45;MOD_PISTOL_BULLET;torso_lower
  2:03 D;0;1;allies;Ruby x 3;0;0;axis;Benji;kar98k_mp;90;MOD_RIFLE_BULLET;right_hand
  2:03 Weapon;0;1;Ruby x 3;frag_grenade_german_mp
  2:03 K;0;0;axis;Benji;0;1;allies;Ruby x 3;m1carbine_mp;308;MOD_MELEE;torso_upper
  2:07 J;0;5;bodin
  2:09 K;0;4;allies;Jan Egil;0;0;axis;Benji;kar98k_mp;135;MOD_RIFLE_BULLET;neck
  2:14 D;0;2;axis;32!!!;0;1;allies;Ruby x 3;m1carbine_mp;45;MOD_PISTOL_BULLET;left_arm_lower
  2:15 D;0;2;axis;32!!!;0;1;allies;Ruby x 3;m1carbine_mp;45;MOD_PISTOL_BULLET;torso_lower
  2:15 K;0;2;axis;32!!!;0;1;allies;Ruby x 3;m1carbine_mp;90;MOD_PISTOL_BULLET;torso_upper
  2:15 K;0;1;allies;Ruby x 3;0;0;axis;Benji;kar98k_mp;135;MOD_RIFLE_BULLET;torso_upper
  2:23 K;0;3;allies;Palmeklatten;0;0;axis;Benji;kar98k_mp;270;MOD_HEAD_SHOT;head
  2:35 D;0;0;axis;Benji;0;1;allies;Ruby x 3;m1carbine_mp;45;MOD_PISTOL_BULLET;torso_lower
  2:36 D;0;1;allies;Ruby x 3;0;0;axis;Benji;luger_mp;45;MOD_PISTOL_BULLET;torso_upper
  2:38 D;0;0;axis;Benji;0;1;allies;Ruby x 3;m1carbine_mp;45;MOD_PISTOL_BULLET;left_leg_upper
  2:38 Weapon;0;5;bodin;frag_grenade_german_mp
  2:40 K;0;0;axis;Benji;0;1;allies;Ruby x 3;m1carbine_mp;45;MOD_PISTOL_BULLET;right_leg_upper
  2:50 J;0;6;bassman
  2:58 K;0;1;allies;Ruby x 3;0;0;axis;Benji;kar98k_mp;135;MOD_RIFLE_BULLET;torso_upper
  3:00 J;0;7;Eirikrompe
  3:06 K;0;5;allies;bodin;0;2;axis;32!!!;kar98k_sniper_mp;135;MOD_RIFLE_BULLET;left_arm_upper
  3:07 K;0;4;allies;Jan Egil;0;4;allies;Jan Egil;none;100000;MOD_SUICIDE;none
  3:23 Weapon;0;4;Jan Egil;frag_grenade_american_mp
  3:27 K;0;6;allies;bassman;0;0;axis;Benji;kar98k_mp;135;MOD_RIFLE_BULLET;torso_lower
  3:30 D;0;5;allies;bodin;0;0;axis;Benji;kar98k_mp;90;MOD_RIFLE_BULLET;right_leg_upper
  3:32 D;0;0;axis;Benji;0;5;allies;bodin;shotgun_mp;21;MOD_PISTOL_BULLET;left_leg_upper
  3:34 Q;0;3;Palmeklatten
  3:37 D;0;0;axis;Benji;0;5;allies;bodin;shotgun_mp;50;MOD_PISTOL_BULLET;head
  3:38 K;0;5;allies;bodin;0;0;axis;Benji;kar98k_mp;135;MOD_RIFLE_BULLET;torso_lower
  3:42 K;0;0;axis;Benji;0;6;allies;bassman;bar_mp;40;MOD_RIFLE_BULLET;torso_upper
  3:42 D;0;6;allies;bassman;0;4;axis;Jan Egil;g43_mp;35;MOD_RIFLE_BULLET;torso_lower
  3:42 D;0;6;allies;bassman;0;4;axis;Jan Egil;g43_mp;35;MOD_RIFLE_BULLET;left_leg_upper
  3:42 K;0;6;allies;bassman;0;4;axis;Jan Egil;mg42_bipod_stand_mp;35;MOD_RIFLE_BULLET;torso_lower
  3:42 Weapon;0;5;bodin;frag_grenade_american_mp
  3:44 D;0;5;allies;bodin;0;4;axis;Jan Egil;g43_mp;70;MOD_RIFLE_BULLET;right_arm_upper
  3:44 K;0;5;allies;bodin;0;4;axis;Jan Egil;mg42_bipod_stand_mp;70;MOD_RIFLE_BULLET;torso_upper
  3:44 Weapon;0;1;Ruby x 3;frag_grenade_american_mp
  3:46 D;0;1;allies;Ruby x 3;0;4;axis;Jan Egil;g43_mp;70;MOD_RIFLE_BULLET;torso_upper
  3:47 K;0;1;allies;Ruby x 3;0;4;axis;Jan Egil;mg42_bipod_stand_mp;35;MOD_RIFLE_BULLET;torso_lower
  3:52 Weapon;0;0;Benji;frag_grenade_american_mp
  4:05 Weapon;0;5;bodin;frag_grenade_american_mp
  4:12 K;0;1;allies;Ruby x 3;0;0;axis;Benji;mp40_mp;135;MOD_HEAD_SHOT;head
  4:19 D;0;6;allies;bassman;0;0;axis;Benji;mp40_mp;45;MOD_PISTOL_BULLET;right_arm_upper
  4:23 D;0;6;allies;bassman;0;0;axis;Benji;mp40_mp;37;MOD_PISTOL_BULLET;torso_lower
  4:24 K;0;6;allies;bassman;0;0;axis;Benji;mp40_mp;37;MOD_PISTOL_BULLET;torso_upper
  4:37 D;0;1;allies;Ruby x 3;0;7;axis;Eirikrompe;mp44_mp;40;MOD_RIFLE_BULLET;torso_upper
  4:37 D;0;1;allies;Ruby x 3;0;7;axis;Eirikrompe;mp44_mp;40;MOD_RIFLE_BULLET;torso_upper
  4:37 D;0;7;axis;Eirikrompe;0;1;allies;Ruby x 3;m1carbine_mp;90;MOD_PISTOL_BULLET;torso_upper
  4:38 K;0;1;allies;Ruby x 3;0;7;axis;Eirikrompe;mp44_mp;40;MOD_RIFLE_BULLET;torso_lower
  4:41 Weapon;0;7;Eirikrompe;frag_grenade_american_mp
  4:52 D;0;1;allies;Ruby x 3;0;0;axis;Benji;mp40_mp;45;MOD_PISTOL_BULLET;torso_lower
  4:52 D;0;1;allies;Ruby x 3;0;0;axis;Benji;mp40_mp;45;MOD_PISTOL_BULLET;torso_lower
  4:53 K;0;1;allies;Ruby x 3;0;0;axis;Benji;mp40_mp;45;MOD_PISTOL_BULLET;left_arm_upper
  4:55 D;0;5;allies;bodin;0;0;axis;Benji;frag_grenade_american_mp;42;MOD_GRENADE_SPLASH;none
  4:55 Weapon;0;0;Benji;frag_grenade_american_mp
  5:01 K;0;1;allies;Ruby x 3;0;0;axis;Benji;mp40_mp;135;MOD_HEAD_SHOT;head
  5:01 K;0;6;allies;bassman;0;0;axis;Benji;mp40_mp;135;MOD_HEAD_SHOT;head
  5:07 D;0;0;axis;Benji;0;5;allies;bodin;shotgun_mp;50;MOD_PISTOL_BULLET;torso_upper
  5:07 K;0;0;axis;Benji;0;5;allies;bodin;shotgun_mp;50;MOD_PISTOL_BULLET;torso_upper
  5:25 D;0;5;allies;bodin;0;0;axis;Benji;mp40_mp;45;MOD_PISTOL_BULLET;left_leg_lower
  5:25 D;0;0;axis;Benji;0;5;allies;bodin;shotgun_mp;35;MOD_PISTOL_BULLET;torso_lower
  5:25 D;0;5;allies;bodin;0;0;axis;Benji;mp40_mp;45;MOD_PISTOL_BULLET;left_arm_lower
  5:25 K;0;5;allies;bodin;0;0;axis;Benji;mp40_mp;45;MOD_PISTOL_BULLET;torso_upper
  5:26 Weapon;0;0;Benji;frag_grenade_american_mp
  5:27 Weapon;0;0;Benji;frag_grenade_american_mp
  5:37 D;0;6;allies;bassman;0;4;axis;Jan Egil;g43_mp;45;MOD_RIFLE_BULLET;left_leg_upper
  5:38 D;0;5;allies;bodin;0;0;axis;Benji;mp40_mp;45;MOD_PISTOL_BULLET;left_arm_lower
  5:38 D;0;6;allies;bassman;0;4;axis;Jan Egil;g43_mp;45;MOD_RIFLE_BULLET;torso_lower
  5:38 K;0;6;allies;bassman;0;7;axis;Eirikrompe;mp44_mp;40;MOD_RIFLE_BULLET;right_leg_upper
  5:38 D;0;5;allies;bodin;0;0;axis;Benji;mp40_mp;45;MOD_PISTOL_BULLET;torso_upper
  5:38 D;0;0;axis;Benji;0;5;allies;bodin;shotgun_mp;50;MOD_PISTOL_BULLET;left_leg_upper
  5:38 K;0;0;axis;Benji;0;5;allies;bodin;shotgun_mp;50;MOD_PISTOL_BULLET;left_hand
  5:41 Weapon;0;5;bodin;frag_grenade_german_mp
  5:50 D;0;5;allies;bodin;0;0;axis;Benji;mp40_mp;45;MOD_PISTOL_BULLET;left_foot
  5:50 K;0;5;allies;bodin;0;0;axis;Benji;mp40_mp;135;MOD_HEAD_SHOT;head
  5:50 Q;0;1;Ruby x 3
  6:11 K;0;5;allies;bodin;0;2;axis;32!!!;kar98k_sniper_mp;135;MOD_RIFLE_BULLET;torso_lower
  6:12 Weapon;0;4;Jan Egil;shotgun_mp
  6:18 Weapon;0;4;Jan Egil;shotgun_mp
  6:22 Weapon;0;0;Benji;frag_grenade_american_mp
  6:22 Weapon;0;6;bassman;frag_grenade_american_mp
  6:23 Q;0;4;Jan Egil
  6:24 D;0;6;allies;bassman;0;0;axis;Benji;mp40_mp;39;MOD_PISTOL_BULLET;right_leg_upper
  6:25 K;0;6;allies;bassman;0;0;axis;Benji;mp40_mp;114;MOD_HEAD_SHOT;head
  6:26 D;0;0;axis;Benji;0;5;allies;bodin;shotgun_mp;43;MOD_PISTOL_BULLET;right_leg_lower
  6:26 D;0;0;axis;Benji;0;5;allies;bodin;shotgun_mp;44;MOD_PISTOL_BULLET;left_leg_upper
  6:26 K;0;0;axis;Benji;0;5;allies;bodin;shotgun_mp;43;MOD_PISTOL_BULLET;right_leg_lower
  6:36 Weapon;0;0;Benji;frag_grenade_american_mp
  6:37 D;0;2;axis;32!!!;0;5;allies;bodin;shotgun_mp;50;MOD_PISTOL_BULLET;torso_lower
  6:37 K;0;2;axis;32!!!;0;5;allies;bodin;shotgun_mp;50;MOD_PISTOL_BULLET;torso_lower
  6:43 ShutdownGame:
  6:43 ------------------------------------------------------------
  0:00 ------------------------------------------------------------
  0:00 InitGame: \g_antilag\1\g_gametype\tdm\gamename\Call of Duty 2\mapname\mp_leningrad\protocol\118\shortversion\1.3\sv_allowAnonymous\0\sv_floodProtect\1\sv_hostname\CoD2Host\sv_maxclients\20\sv_maxPing\0\sv_maxRate\0\sv_minPing\0\sv_privateClients\0\sv_punkbuster\0\sv_pure\1\sv_voice\0
  0:00 J;0;0;Unknown Soldier
  0:41 ShutdownGame:
  0:41 ------------------------------------------------------------
  0:00 ------------------------------------------------------------
  0:00 InitGame: \g_antilag\1\g_gametype\tdm\gamename\Call of Duty 2\mapname\mp_downtown\protocol\118\shortversion\1.3\sv_allowAnonymous\0\sv_floodProtect\1\sv_hostname\Fikus Server\sv_maxclients\20\sv_maxPing\0\sv_maxRate\0\sv_minPing\0\sv_privateClients\0\sv_punkbuster\0\sv_pure\1\sv_voice\0
  0:00 J;0;0;Unknown Soldier
  0:22 J;0;1;Unknown Soldier
  0:36 say;0;0;Unknown Soldier;bots
  1:05 say;0;0;Unknown Soldier;exit
  1:15 say;0;0;Unknown Soldier;www
  1:28 ShutdownGame:
  1:28 ------------------------------------------------------------
  0:00 ------------------------------------------------------------
  0:00 InitGame: \g_antilag\1\g_gametype\tdm\gamename\Call of Duty 2\mapname\mp_farmhouse\protocol\118\shortversion\1.3\sv_allowAnonymous\0\sv_floodProtect\1\sv_hostname\Fikus Server\sv_maxclients\20\sv_maxPing\0\sv_maxRate\0\sv_minPing\0\sv_privateClients\0\sv_punkbuster\0\sv_pure\1\sv_voice\0
  0:00 J;0;0;Unknown Soldier
  0:29 ShutdownGame:
  0:29 ------------------------------------------------------------
  0:00 ------------------------------------------------------------
  0:00 InitGame: \g_antilag\1\g_gametype\tdm\gamename\Call of Duty 2\mapname\mp_farmhouse\protocol\118\shortversion\1.3\sv_allowAnonymous\0\sv_floodProtect\1\sv_hostname\Fikus Server\sv_maxclients\20\sv_maxPing\0\sv_maxRate\0\sv_minPing\0\sv_privateClients\0\sv_punkbuster\0\sv_pure\1\sv_voice\0
  0:00 J;0;0;Unknown Soldier
  0:23 say;0;0;Unknown Soldier;exec bots
  0:39 ShutdownGame:
  0:39 ------------------------------------------------------------
  0:39 ------------------------------------------------------------
  0:39 InitGame: \g_antilag\1\g_gametype\tdm\gamename\Call of Duty 2\mapname\mp_farmhouse\protocol\118\scr_friendlyfire\0\scr_killcam\1\shortversion\1.3\sv_allowAnonymous\0\sv_floodProtect\1\sv_hostname\Fikus Server\sv_maxclients\20\sv_maxPing\0\sv_maxRate\0\sv_minPing\0\sv_privateClients\0\sv_punkbuster\0\sv_pure\1\sv_voice\0
  0:40 J;0;0;Unknown Soldier
  1:33 ShutdownGame:
  1:33 ------------------------------------------------------------
  1:33 ------------------------------------------------------------
  1:33 InitGame: \g_antilag\1\g_gametype\tdm\gamename\Call of Duty 2\mapname\mp_farmhouse\protocol\118\scr_friendlyfire\0\scr_killcam\1\shortversion\1.3\sv_allowAnonymous\0\sv_floodProtect\1\sv_hostname\Fikus Server\sv_maxclients\20\sv_maxPing\0\sv_maxRate\0\sv_minPing\0\sv_privateClients\0\sv_punkbuster\0\sv_pure\1\sv_voice\0
  1:34 J;0;0;Unknown Soldier
  1:38 ShutdownGame:
  1:38 ------------------------------------------------------------
  0:00 ------------------------------------------------------------
  0:00 InitGame: \g_antilag\1\g_gametype\tdm\gamename\Call of Duty 2\mapname\mp_farmhouse\protocol\118\shortversion\1.3\sv_allowAnonymous\0\sv_floodProtect\1\sv_hostname\CoD2Host\sv_maxclients\20\sv_maxPing\0\sv_maxRate\0\sv_minPing\0\sv_privateClients\0\sv_punkbuster\0\sv_pure\1\sv_voice\0
  0:00 J;0;0;Unknown Soldier
  0:43 ShutdownGame:
  0:43 ------------------------------------------------------------
  0:00 ------------------------------------------------------------
  0:00 InitGame: \g_antilag\1\g_gametype\dm\gamename\Call of Duty 2\mapname\mp_farmhouse\protocol\118\shortversion\1.3\sv_allowAnonymous\0\sv_floodProtect\1\sv_hostname\CoD2Host\sv_maxclients\20\sv_maxPing\0\sv_maxRate\0\sv_minPing\0\sv_privateClients\0\sv_punkbuster\0\sv_pure\1\sv_voice\0
  0:00 J;0;0;Unknown Soldier
  0:12 ShutdownGame:
  0:12 ------------------------------------------------------------
  0:00 ------------------------------------------------------------
  0:00 InitGame: \g_antilag\1\g_gametype\dm\gamename\Call of Duty 2\mapname\mp_farmhouse\protocol\118\shortversion\1.3\sv_allowAnonymous\0\sv_floodProtect\1\sv_hostname\CoD2Host\sv_maxclients\20\sv_maxPing\0\sv_maxRate\0\sv_minPing\0\sv_privateClients\0\sv_punkbuster\0\sv_pure\1\sv_voice\0
  0:00 AM GetAMVars
  0:00 AM StartRound
  0:00 AM StartGametype
  0:00 J;0;0;Unknown Soldier
  0:40 ShutdownGame:
  0:40 ------------------------------------------------------------
